{"/Users/caitlinwoods/Desktop/early-dementia-diagnosis/backend-js/app.js":{"path":"/Users/caitlinwoods/Desktop/early-dementia-diagnosis/backend-js/app.js","s":{"1":1,"2":1,"3":1,"4":1,"5":1,"6":1,"7":1,"8":1,"9":1,"10":1,"11":1,"12":1,"13":1,"14":0,"15":1,"16":1,"17":1,"18":1,"19":1,"20":1,"21":1,"22":1,"23":1,"24":1,"25":1,"26":1,"27":1,"28":1,"29":1,"30":1,"31":1,"32":1,"33":1,"34":1,"35":1,"36":0,"37":1,"38":0,"39":1,"40":1,"41":1},"b":{},"f":{"1":1,"2":0,"3":0,"4":0,"5":1},"fnMap":{"1":{"name":"(anonymous_1)","line":18,"loc":{"start":{"line":18,"column":36},"end":{"line":18,"column":46}}},"2":{"name":"(anonymous_2)","line":22,"loc":{"start":{"line":22,"column":32},"end":{"line":22,"column":45}}},"3":{"name":"(anonymous_3)","line":62,"loc":{"start":{"line":62,"column":13},"end":{"line":62,"column":31}}},"4":{"name":"(anonymous_4)","line":66,"loc":{"start":{"line":66,"column":13},"end":{"line":66,"column":31}}},"5":{"name":"(anonymous_5)","line":71,"loc":{"start":{"line":71,"column":17},"end":{"line":71,"column":27}}}},"statementMap":{"1":{"start":{"line":4,"column":0},"end":{"line":4,"column":35}},"2":{"start":{"line":5,"column":0},"end":{"line":5,"column":29}},"3":{"start":{"line":6,"column":0},"end":{"line":6,"column":42}},"4":{"start":{"line":7,"column":0},"end":{"line":7,"column":29}},"5":{"start":{"line":8,"column":0},"end":{"line":8,"column":37}},"6":{"start":{"line":9,"column":0},"end":{"line":9,"column":37}},"7":{"start":{"line":10,"column":0},"end":{"line":10,"column":44}},"8":{"start":{"line":11,"column":0},"end":{"line":11,"column":40}},"9":{"start":{"line":13,"column":0},"end":{"line":13,"column":13}},"10":{"start":{"line":15,"column":0},"end":{"line":15,"column":34}},"11":{"start":{"line":18,"column":0},"end":{"line":20,"column":3}},"12":{"start":{"line":19,"column":4},"end":{"line":19,"column":54}},"13":{"start":{"line":22,"column":0},"end":{"line":24,"column":3}},"14":{"start":{"line":23,"column":4},"end":{"line":23,"column":41}},"15":{"start":{"line":26,"column":0},"end":{"line":26,"column":22}},"16":{"start":{"line":28,"column":0},"end":{"line":28,"column":40}},"17":{"start":{"line":29,"column":0},"end":{"line":29,"column":46}},"18":{"start":{"line":30,"column":0},"end":{"line":30,"column":44}},"19":{"start":{"line":31,"column":0},"end":{"line":31,"column":46}},"20":{"start":{"line":32,"column":0},"end":{"line":32,"column":46}},"21":{"start":{"line":33,"column":0},"end":{"line":33,"column":40}},"22":{"start":{"line":36,"column":0},"end":{"line":36,"column":18}},"23":{"start":{"line":39,"column":0},"end":{"line":39,"column":16}},"24":{"start":{"line":42,"column":0},"end":{"line":42,"column":31}},"25":{"start":{"line":43,"column":0},"end":{"line":43,"column":28}},"26":{"start":{"line":45,"column":0},"end":{"line":45,"column":39}},"27":{"start":{"line":48,"column":0},"end":{"line":48,"column":56}},"28":{"start":{"line":51,"column":0},"end":{"line":51,"column":27}},"29":{"start":{"line":54,"column":0},"end":{"line":54,"column":25}},"30":{"start":{"line":55,"column":0},"end":{"line":55,"column":31}},"31":{"start":{"line":56,"column":0},"end":{"line":56,"column":29}},"32":{"start":{"line":57,"column":0},"end":{"line":57,"column":31}},"33":{"start":{"line":58,"column":0},"end":{"line":58,"column":31}},"34":{"start":{"line":59,"column":0},"end":{"line":59,"column":24}},"35":{"start":{"line":62,"column":0},"end":{"line":64,"column":3}},"36":{"start":{"line":63,"column":3},"end":{"line":63,"column":32}},"37":{"start":{"line":66,"column":0},"end":{"line":68,"column":3}},"38":{"start":{"line":67,"column":4},"end":{"line":67,"column":60}},"39":{"start":{"line":71,"column":0},"end":{"line":73,"column":3}},"40":{"start":{"line":72,"column":4},"end":{"line":72,"column":50}},"41":{"start":{"line":75,"column":0},"end":{"line":75,"column":21}}},"branchMap":{}},"/Users/caitlinwoods/Desktop/early-dementia-diagnosis/backend-js/config/database.js":{"path":"/Users/caitlinwoods/Desktop/early-dementia-diagnosis/backend-js/config/database.js","s":{"1":1},"b":{},"f":{},"fnMap":{},"statementMap":{"1":{"start":{"line":4,"column":0},"end":{"line":9,"column":1}}},"branchMap":{}},"/Users/caitlinwoods/Desktop/early-dementia-diagnosis/backend-js/routes/users.js":{"path":"/Users/caitlinwoods/Desktop/early-dementia-diagnosis/backend-js/routes/users.js","s":{"1":1,"2":1,"3":1,"4":1,"5":1,"6":1,"7":1,"8":1,"9":1,"10":1,"11":1,"12":1,"13":1,"14":0,"15":1,"16":0,"17":0,"18":0,"19":0,"20":0,"21":0,"22":0,"23":0,"24":0,"25":0,"26":0,"27":0,"28":0,"29":0,"30":1,"31":0,"32":0,"33":0,"34":0,"35":0,"36":1,"37":0,"38":1,"39":0,"40":1},"b":{"1":[1,0],"2":[0,0],"3":[0,0],"4":[0,0],"5":[0,0],"6":[0,0]},"f":{"1":1,"2":1,"3":0,"4":0,"5":0,"6":0,"7":0,"8":0,"9":0},"fnMap":{"1":{"name":"(anonymous_1)","line":13,"loc":{"start":{"line":13,"column":25},"end":{"line":13,"column":49}}},"2":{"name":"(anonymous_2)","line":22,"loc":{"start":{"line":22,"column":26},"end":{"line":22,"column":45}}},"3":{"name":"(anonymous_3)","line":34,"loc":{"start":{"line":34,"column":29},"end":{"line":34,"column":53}}},"4":{"name":"(anonymous_4)","line":38,"loc":{"start":{"line":38,"column":31},"end":{"line":38,"column":50}}},"5":{"name":"(anonymous_5)","line":47,"loc":{"start":{"line":47,"column":54},"end":{"line":47,"column":76}}},"6":{"name":"(anonymous_6)","line":75,"loc":{"start":{"line":75,"column":74},"end":{"line":75,"column":99}}},"7":{"name":"(anonymous_7)","line":76,"loc":{"start":{"line":76,"column":44},"end":{"line":76,"column":67}}},"8":{"name":"(anonymous_8)","line":87,"loc":{"start":{"line":87,"column":70},"end":{"line":87,"column":94}}},"9":{"name":"(anonymous_9)","line":91,"loc":{"start":{"line":91,"column":70},"end":{"line":91,"column":94}}}},"statementMap":{"1":{"start":{"line":4,"column":0},"end":{"line":4,"column":35}},"2":{"start":{"line":5,"column":0},"end":{"line":5,"column":32}},"3":{"start":{"line":6,"column":0},"end":{"line":6,"column":37}},"4":{"start":{"line":7,"column":0},"end":{"line":7,"column":36}},"5":{"start":{"line":8,"column":0},"end":{"line":8,"column":45}},"6":{"start":{"line":10,"column":0},"end":{"line":10,"column":39}},"7":{"start":{"line":11,"column":0},"end":{"line":11,"column":45}},"8":{"start":{"line":13,"column":0},"end":{"line":31,"column":3}},"9":{"start":{"line":14,"column":4},"end":{"line":20,"column":7}},"10":{"start":{"line":22,"column":4},"end":{"line":30,"column":6}},"11":{"start":{"line":23,"column":8},"end":{"line":29,"column":9}},"12":{"start":{"line":24,"column":12},"end":{"line":24,"column":28}},"13":{"start":{"line":25,"column":12},"end":{"line":25,"column":71}},"14":{"start":{"line":28,"column":12},"end":{"line":28,"column":62}},"15":{"start":{"line":34,"column":0},"end":{"line":73,"column":3}},"16":{"start":{"line":35,"column":4},"end":{"line":35,"column":33}},"17":{"start":{"line":36,"column":4},"end":{"line":36,"column":39}},"18":{"start":{"line":38,"column":4},"end":{"line":72,"column":7}},"19":{"start":{"line":39,"column":8},"end":{"line":41,"column":9}},"20":{"start":{"line":40,"column":12},"end":{"line":40,"column":22}},"21":{"start":{"line":43,"column":8},"end":{"line":45,"column":9}},"22":{"start":{"line":44,"column":12},"end":{"line":44,"column":81}},"23":{"start":{"line":47,"column":8},"end":{"line":71,"column":11}},"24":{"start":{"line":48,"column":12},"end":{"line":50,"column":13}},"25":{"start":{"line":49,"column":16},"end":{"line":49,"column":26}},"26":{"start":{"line":52,"column":12},"end":{"line":70,"column":13}},"27":{"start":{"line":53,"column":16},"end":{"line":55,"column":19}},"28":{"start":{"line":57,"column":16},"end":{"line":66,"column":18}},"29":{"start":{"line":69,"column":16},"end":{"line":69,"column":85}},"30":{"start":{"line":75,"column":0},"end":{"line":85,"column":3}},"31":{"start":{"line":76,"column":4},"end":{"line":84,"column":7}},"32":{"start":{"line":77,"column":8},"end":{"line":83,"column":9}},"33":{"start":{"line":78,"column":12},"end":{"line":78,"column":28}},"34":{"start":{"line":79,"column":12},"end":{"line":79,"column":100}},"35":{"start":{"line":82,"column":12},"end":{"line":82,"column":79}},"36":{"start":{"line":87,"column":0},"end":{"line":89,"column":3}},"37":{"start":{"line":88,"column":4},"end":{"line":88,"column":31}},"38":{"start":{"line":91,"column":0},"end":{"line":93,"column":3}},"39":{"start":{"line":92,"column":4},"end":{"line":92,"column":31}},"40":{"start":{"line":95,"column":0},"end":{"line":95,"column":24}}},"branchMap":{"1":{"line":23,"type":"if","locations":[{"start":{"line":23,"column":8},"end":{"line":23,"column":8}},{"start":{"line":23,"column":8},"end":{"line":23,"column":8}}]},"2":{"line":39,"type":"if","locations":[{"start":{"line":39,"column":8},"end":{"line":39,"column":8}},{"start":{"line":39,"column":8},"end":{"line":39,"column":8}}]},"3":{"line":43,"type":"if","locations":[{"start":{"line":43,"column":8},"end":{"line":43,"column":8}},{"start":{"line":43,"column":8},"end":{"line":43,"column":8}}]},"4":{"line":48,"type":"if","locations":[{"start":{"line":48,"column":12},"end":{"line":48,"column":12}},{"start":{"line":48,"column":12},"end":{"line":48,"column":12}}]},"5":{"line":52,"type":"if","locations":[{"start":{"line":52,"column":12},"end":{"line":52,"column":12}},{"start":{"line":52,"column":12},"end":{"line":52,"column":12}}]},"6":{"line":77,"type":"if","locations":[{"start":{"line":77,"column":8},"end":{"line":77,"column":8}},{"start":{"line":77,"column":8},"end":{"line":77,"column":8}}]}}},"/Users/caitlinwoods/Desktop/early-dementia-diagnosis/backend-js/models/user.js":{"path":"/Users/caitlinwoods/Desktop/early-dementia-diagnosis/backend-js/models/user.js","s":{"1":1,"2":1,"3":1,"4":1,"5":1,"6":1,"7":1,"8":1,"9":1,"10":1,"11":1,"12":0,"13":1,"14":1,"15":1,"16":0,"17":1,"18":1,"19":1,"20":0,"21":0,"22":1,"23":0,"24":1,"25":0,"26":0,"27":1,"28":1,"29":1,"30":1,"31":0,"32":1,"33":1,"34":1,"35":0,"36":0,"37":0,"38":0},"b":{"1":[0,1],"2":[1,0],"3":[0,1],"4":[0,0]},"f":{"1":1,"2":1,"3":0,"4":0,"5":0,"6":1,"7":1,"8":1,"9":0,"10":0},"fnMap":{"1":{"name":"(anonymous_1)","line":41,"loc":{"start":{"line":41,"column":29},"end":{"line":41,"column":49}}},"2":{"name":"(anonymous_2)","line":44,"loc":{"start":{"line":44,"column":47},"end":{"line":44,"column":69}}},"3":{"name":"(anonymous_3)","line":61,"loc":{"start":{"line":61,"column":29},"end":{"line":61,"column":51}}},"4":{"name":"(anonymous_4)","line":66,"loc":{"start":{"line":66,"column":29},"end":{"line":66,"column":47}}},"5":{"name":"(anonymous_5)","line":70,"loc":{"start":{"line":70,"column":32},"end":{"line":70,"column":57}}},"6":{"name":"(anonymous_6)","line":75,"loc":{"start":{"line":75,"column":25},"end":{"line":75,"column":52}}},"7":{"name":"(anonymous_7)","line":77,"loc":{"start":{"line":77,"column":23},"end":{"line":77,"column":42}}},"8":{"name":"(anonymous_8)","line":78,"loc":{"start":{"line":78,"column":43},"end":{"line":78,"column":62}}},"9":{"name":"(anonymous_9)","line":89,"loc":{"start":{"line":89,"column":33},"end":{"line":89,"column":76}}},"10":{"name":"(anonymous_10)","line":90,"loc":{"start":{"line":90,"column":44},"end":{"line":90,"column":66}}}},"statementMap":{"1":{"start":{"line":4,"column":0},"end":{"line":4,"column":37}},"2":{"start":{"line":5,"column":0},"end":{"line":5,"column":33}},"3":{"start":{"line":6,"column":0},"end":{"line":6,"column":45}},"4":{"start":{"line":7,"column":0},"end":{"line":7,"column":70}},"5":{"start":{"line":9,"column":0},"end":{"line":9,"column":45}},"6":{"start":{"line":10,"column":0},"end":{"line":10,"column":39}},"7":{"start":{"line":12,"column":0},"end":{"line":39,"column":3}},"8":{"start":{"line":41,"column":0},"end":{"line":57,"column":3}},"9":{"start":{"line":42,"column":3},"end":{"line":42,"column":19}},"10":{"start":{"line":44,"column":3},"end":{"line":55,"column":5}},"11":{"start":{"line":45,"column":7},"end":{"line":54,"column":8}},"12":{"start":{"line":46,"column":11},"end":{"line":46,"column":21}},"13":{"start":{"line":48,"column":12},"end":{"line":54,"column":8}},"14":{"start":{"line":49,"column":11},"end":{"line":49,"column":60}},"15":{"start":{"line":50,"column":11},"end":{"line":50,"column":52}},"16":{"start":{"line":53,"column":11},"end":{"line":53,"column":18}},"17":{"start":{"line":56,"column":4},"end":{"line":56,"column":11}},"18":{"start":{"line":59,"column":0},"end":{"line":59,"column":65}},"19":{"start":{"line":61,"column":0},"end":{"line":64,"column":2}},"20":{"start":{"line":62,"column":4},"end":{"line":62,"column":28}},"21":{"start":{"line":63,"column":4},"end":{"line":63,"column":34}},"22":{"start":{"line":66,"column":0},"end":{"line":68,"column":2}},"23":{"start":{"line":67,"column":4},"end":{"line":67,"column":16}},"24":{"start":{"line":70,"column":0},"end":{"line":73,"column":2}},"25":{"start":{"line":71,"column":4},"end":{"line":71,"column":33}},"26":{"start":{"line":72,"column":4},"end":{"line":72,"column":34}},"27":{"start":{"line":75,"column":0},"end":{"line":87,"column":2}},"28":{"start":{"line":77,"column":4},"end":{"line":86,"column":7}},"29":{"start":{"line":78,"column":7},"end":{"line":85,"column":10}},"30":{"start":{"line":79,"column":11},"end":{"line":81,"column":12}},"31":{"start":{"line":80,"column":15},"end":{"line":80,"column":25}},"32":{"start":{"line":83,"column":11},"end":{"line":83,"column":35}},"33":{"start":{"line":84,"column":11},"end":{"line":84,"column":34}},"34":{"start":{"line":89,"column":0},"end":{"line":96,"column":2}},"35":{"start":{"line":90,"column":4},"end":{"line":95,"column":7}},"36":{"start":{"line":91,"column":8},"end":{"line":93,"column":9}},"37":{"start":{"line":92,"column":12},"end":{"line":92,"column":22}},"38":{"start":{"line":94,"column":8},"end":{"line":94,"column":32}}},"branchMap":{"1":{"line":45,"type":"if","locations":[{"start":{"line":45,"column":7},"end":{"line":45,"column":7}},{"start":{"line":45,"column":7},"end":{"line":45,"column":7}}]},"2":{"line":48,"type":"if","locations":[{"start":{"line":48,"column":12},"end":{"line":48,"column":12}},{"start":{"line":48,"column":12},"end":{"line":48,"column":12}}]},"3":{"line":79,"type":"if","locations":[{"start":{"line":79,"column":11},"end":{"line":79,"column":11}},{"start":{"line":79,"column":11},"end":{"line":79,"column":11}}]},"4":{"line":91,"type":"if","locations":[{"start":{"line":91,"column":8},"end":{"line":91,"column":8}},{"start":{"line":91,"column":8},"end":{"line":91,"column":8}}]}}},"/Users/caitlinwoods/Desktop/early-dementia-diagnosis/backend-js/models/patient.js":{"path":"/Users/caitlinwoods/Desktop/early-dementia-diagnosis/backend-js/models/patient.js","s":{"1":1,"2":1,"3":1,"4":1,"5":1,"6":1,"7":1,"8":1,"9":1,"10":0,"11":0,"12":1,"13":0,"14":0,"15":1,"16":0,"17":1,"18":0},"b":{},"f":{"1":0,"2":0,"3":0,"4":0},"fnMap":{"1":{"name":"(anonymous_1)","line":36,"loc":{"start":{"line":36,"column":32},"end":{"line":36,"column":54}}},"2":{"name":"(anonymous_2)","line":41,"loc":{"start":{"line":41,"column":36},"end":{"line":41,"column":58}}},"3":{"name":"(anonymous_3)","line":46,"loc":{"start":{"line":46,"column":32},"end":{"line":46,"column":50}}},"4":{"name":"(anonymous_4)","line":50,"loc":{"start":{"line":50,"column":28},"end":{"line":50,"column":58}}}},"statementMap":{"1":{"start":{"line":4,"column":0},"end":{"line":4,"column":37}},"2":{"start":{"line":5,"column":0},"end":{"line":5,"column":70}},"3":{"start":{"line":6,"column":0},"end":{"line":6,"column":45}},"4":{"start":{"line":8,"column":0},"end":{"line":8,"column":31}},"5":{"start":{"line":9,"column":0},"end":{"line":9,"column":35}},"6":{"start":{"line":11,"column":0},"end":{"line":32,"column":3}},"7":{"start":{"line":33,"column":0},"end":{"line":33,"column":80}},"8":{"start":{"line":34,"column":0},"end":{"line":34,"column":74}},"9":{"start":{"line":36,"column":0},"end":{"line":39,"column":1}},"10":{"start":{"line":37,"column":4},"end":{"line":37,"column":28}},"11":{"start":{"line":38,"column":4},"end":{"line":38,"column":37}},"12":{"start":{"line":41,"column":0},"end":{"line":44,"column":1}},"13":{"start":{"line":42,"column":4},"end":{"line":42,"column":31}},"14":{"start":{"line":43,"column":4},"end":{"line":43,"column":76}},"15":{"start":{"line":46,"column":0},"end":{"line":48,"column":1}},"16":{"start":{"line":47,"column":4},"end":{"line":47,"column":27}},"17":{"start":{"line":50,"column":0},"end":{"line":53,"column":1}},"18":{"start":{"line":52,"column":4},"end":{"line":52,"column":30}}},"branchMap":{}},"/Users/caitlinwoods/Desktop/early-dementia-diagnosis/backend-js/models/doctor.js":{"path":"/Users/caitlinwoods/Desktop/early-dementia-diagnosis/backend-js/models/doctor.js","s":{"1":1,"2":1,"3":1,"4":1,"5":1,"6":1,"7":1,"8":0,"9":0,"10":0,"11":0,"12":0,"13":0,"14":0,"15":0,"16":0,"17":1,"18":1,"19":0,"20":0,"21":1,"22":0,"23":1,"24":0,"25":0,"26":1,"27":0},"b":{"1":[0,0],"2":[0,0]},"f":{"1":0,"2":0,"3":0,"4":0,"5":0,"6":0},"fnMap":{"1":{"name":"(anonymous_1)","line":16,"loc":{"start":{"line":16,"column":31},"end":{"line":16,"column":51}}},"2":{"name":"(anonymous_2)","line":19,"loc":{"start":{"line":19,"column":49},"end":{"line":19,"column":71}}},"3":{"name":"(anonymous_3)","line":36,"loc":{"start":{"line":36,"column":31},"end":{"line":36,"column":53}}},"4":{"name":"(anonymous_4)","line":41,"loc":{"start":{"line":41,"column":31},"end":{"line":41,"column":49}}},"5":{"name":"(anonymous_5)","line":45,"loc":{"start":{"line":45,"column":34},"end":{"line":45,"column":59}}},"6":{"name":"(anonymous_6)","line":50,"loc":{"start":{"line":50,"column":27},"end":{"line":50,"column":56}}}},"statementMap":{"1":{"start":{"line":4,"column":0},"end":{"line":4,"column":37}},"2":{"start":{"line":5,"column":0},"end":{"line":5,"column":33}},"3":{"start":{"line":6,"column":0},"end":{"line":6,"column":45}},"4":{"start":{"line":7,"column":0},"end":{"line":7,"column":70}},"5":{"start":{"line":9,"column":0},"end":{"line":9,"column":45}},"6":{"start":{"line":12,"column":0},"end":{"line":14,"column":3}},"7":{"start":{"line":16,"column":0},"end":{"line":32,"column":3}},"8":{"start":{"line":17,"column":4},"end":{"line":17,"column":20}},"9":{"start":{"line":19,"column":4},"end":{"line":30,"column":7}},"10":{"start":{"line":20,"column":8},"end":{"line":29,"column":9}},"11":{"start":{"line":21,"column":12},"end":{"line":21,"column":22}},"12":{"start":{"line":23,"column":13},"end":{"line":29,"column":9}},"13":{"start":{"line":24,"column":12},"end":{"line":24,"column":61}},"14":{"start":{"line":25,"column":12},"end":{"line":25,"column":53}},"15":{"start":{"line":28,"column":12},"end":{"line":28,"column":19}},"16":{"start":{"line":31,"column":4},"end":{"line":31,"column":11}},"17":{"start":{"line":34,"column":0},"end":{"line":34,"column":71}},"18":{"start":{"line":36,"column":0},"end":{"line":39,"column":2}},"19":{"start":{"line":37,"column":4},"end":{"line":37,"column":28}},"20":{"start":{"line":38,"column":4},"end":{"line":38,"column":36}},"21":{"start":{"line":41,"column":0},"end":{"line":43,"column":2}},"22":{"start":{"line":42,"column":4},"end":{"line":42,"column":18}},"23":{"start":{"line":45,"column":0},"end":{"line":48,"column":2}},"24":{"start":{"line":46,"column":4},"end":{"line":46,"column":40}},"25":{"start":{"line":47,"column":4},"end":{"line":47,"column":36}},"26":{"start":{"line":50,"column":0},"end":{"line":53,"column":2}},"27":{"start":{"line":51,"column":4},"end":{"line":51,"column":29}}},"branchMap":{"1":{"line":20,"type":"if","locations":[{"start":{"line":20,"column":8},"end":{"line":20,"column":8}},{"start":{"line":20,"column":8},"end":{"line":20,"column":8}}]},"2":{"line":23,"type":"if","locations":[{"start":{"line":23,"column":13},"end":{"line":23,"column":13}},{"start":{"line":23,"column":13},"end":{"line":23,"column":13}}]}}},"/Users/caitlinwoods/Desktop/early-dementia-diagnosis/backend-js/models/test.js":{"path":"/Users/caitlinwoods/Desktop/early-dementia-diagnosis/backend-js/models/test.js","s":{"1":1,"2":1,"3":1,"4":1,"5":1,"6":1,"7":1,"8":1,"9":1,"10":1,"11":0,"12":0,"13":1,"14":0,"15":0,"16":1,"17":0,"18":1,"19":0},"b":{},"f":{"1":0,"2":0,"3":0,"4":0},"fnMap":{"1":{"name":"(anonymous_1)","line":35,"loc":{"start":{"line":35,"column":29},"end":{"line":35,"column":51}}},"2":{"name":"(anonymous_2)","line":40,"loc":{"start":{"line":40,"column":44},"end":{"line":40,"column":84}}},"3":{"name":"(anonymous_3)","line":48,"loc":{"start":{"line":48,"column":29},"end":{"line":48,"column":47}}},"4":{"name":"(anonymous_4)","line":52,"loc":{"start":{"line":52,"column":25},"end":{"line":52,"column":52}}}},"statementMap":{"1":{"start":{"line":4,"column":0},"end":{"line":4,"column":37}},"2":{"start":{"line":5,"column":0},"end":{"line":5,"column":33}},"3":{"start":{"line":6,"column":0},"end":{"line":6,"column":45}},"4":{"start":{"line":7,"column":0},"end":{"line":7,"column":70}},"5":{"start":{"line":9,"column":0},"end":{"line":9,"column":39}},"6":{"start":{"line":10,"column":0},"end":{"line":10,"column":45}},"7":{"start":{"line":12,"column":0},"end":{"line":31,"column":3}},"8":{"start":{"line":32,"column":0},"end":{"line":32,"column":80}},"9":{"start":{"line":33,"column":0},"end":{"line":33,"column":65}},"10":{"start":{"line":35,"column":0},"end":{"line":38,"column":2}},"11":{"start":{"line":36,"column":4},"end":{"line":36,"column":28}},"12":{"start":{"line":37,"column":4},"end":{"line":37,"column":34}},"13":{"start":{"line":40,"column":0},"end":{"line":46,"column":2}},"14":{"start":{"line":41,"column":4},"end":{"line":44,"column":6}},"15":{"start":{"line":45,"column":4},"end":{"line":45,"column":31}},"16":{"start":{"line":48,"column":0},"end":{"line":50,"column":2}},"17":{"start":{"line":49,"column":4},"end":{"line":49,"column":16}},"18":{"start":{"line":52,"column":0},"end":{"line":54,"column":2}},"19":{"start":{"line":53,"column":4},"end":{"line":53,"column":27}}},"branchMap":{}},"/Users/caitlinwoods/Desktop/early-dementia-diagnosis/backend-js/routes/patients.js":{"path":"/Users/caitlinwoods/Desktop/early-dementia-diagnosis/backend-js/routes/patients.js","s":{"1":1,"2":1,"3":1,"4":1,"5":1,"6":1,"7":1,"8":1,"9":0,"10":0,"11":0,"12":0,"13":0,"14":0,"15":0,"16":1,"17":1,"18":0,"19":1,"20":0,"21":0,"22":0,"23":0,"24":0,"25":0,"26":1},"b":{"1":[0,0],"2":[0,0]},"f":{"1":0,"2":0,"3":0,"4":0,"5":0,"6":0},"fnMap":{"1":{"name":"(anonymous_1)","line":13,"loc":{"start":{"line":13,"column":72},"end":{"line":13,"column":96}}},"2":{"name":"(anonymous_2)","line":24,"loc":{"start":{"line":24,"column":35},"end":{"line":24,"column":57}}},"3":{"name":"(anonymous_3)","line":36,"loc":{"start":{"line":36,"column":72},"end":{"line":36,"column":96}}},"4":{"name":"(anonymous_4)","line":42,"loc":{"start":{"line":42,"column":70},"end":{"line":42,"column":94}}},"5":{"name":"(anonymous_5)","line":46,"loc":{"start":{"line":46,"column":78},"end":{"line":46,"column":102}}},"6":{"name":"(anonymous_6)","line":48,"loc":{"start":{"line":48,"column":41},"end":{"line":48,"column":64}}}},"statementMap":{"1":{"start":{"line":4,"column":0},"end":{"line":4,"column":35}},"2":{"start":{"line":5,"column":0},"end":{"line":5,"column":32}},"3":{"start":{"line":6,"column":0},"end":{"line":6,"column":37}},"4":{"start":{"line":7,"column":0},"end":{"line":7,"column":36}},"5":{"start":{"line":8,"column":0},"end":{"line":8,"column":45}},"6":{"start":{"line":10,"column":0},"end":{"line":10,"column":39}},"7":{"start":{"line":11,"column":0},"end":{"line":11,"column":45}},"8":{"start":{"line":13,"column":0},"end":{"line":33,"column":3}},"9":{"start":{"line":14,"column":4},"end":{"line":20,"column":7}},"10":{"start":{"line":22,"column":4},"end":{"line":22,"column":37}},"11":{"start":{"line":24,"column":4},"end":{"line":32,"column":7}},"12":{"start":{"line":25,"column":8},"end":{"line":31,"column":9}},"13":{"start":{"line":26,"column":12},"end":{"line":26,"column":28}},"14":{"start":{"line":27,"column":12},"end":{"line":27,"column":74}},"15":{"start":{"line":30,"column":12},"end":{"line":30,"column":65}},"16":{"start":{"line":36,"column":0},"end":{"line":39,"column":3}},"17":{"start":{"line":42,"column":0},"end":{"line":44,"column":3}},"18":{"start":{"line":43,"column":4},"end":{"line":43,"column":31}},"19":{"start":{"line":46,"column":0},"end":{"line":57,"column":3}},"20":{"start":{"line":47,"column":4},"end":{"line":47,"column":30}},"21":{"start":{"line":48,"column":4},"end":{"line":56,"column":6}},"22":{"start":{"line":49,"column":8},"end":{"line":55,"column":9}},"23":{"start":{"line":50,"column":12},"end":{"line":50,"column":28}},"24":{"start":{"line":51,"column":12},"end":{"line":51,"column":70}},"25":{"start":{"line":54,"column":12},"end":{"line":54,"column":78}},"26":{"start":{"line":59,"column":0},"end":{"line":59,"column":24}}},"branchMap":{"1":{"line":25,"type":"if","locations":[{"start":{"line":25,"column":8},"end":{"line":25,"column":8}},{"start":{"line":25,"column":8},"end":{"line":25,"column":8}}]},"2":{"line":49,"type":"if","locations":[{"start":{"line":49,"column":8},"end":{"line":49,"column":8}},{"start":{"line":49,"column":8},"end":{"line":49,"column":8}}]}}},"/Users/caitlinwoods/Desktop/early-dementia-diagnosis/backend-js/routes/doctors.js":{"path":"/Users/caitlinwoods/Desktop/early-dementia-diagnosis/backend-js/routes/doctors.js","s":{"1":1,"2":1,"3":1,"4":1,"5":1,"6":1,"7":1,"8":1,"9":0,"10":0,"11":0,"12":0,"13":0,"14":0,"15":0,"16":0,"17":0,"18":0,"19":1,"20":0,"21":0,"22":0,"23":0,"24":0,"25":0,"26":0,"27":0,"28":0,"29":0,"30":0,"31":0,"32":0,"33":0,"34":0,"35":0,"36":0,"37":0,"38":0,"39":0,"40":1,"41":0,"42":1},"b":{"1":[0,0],"2":[0,0],"3":[0,0],"4":[0,0],"5":[0,0],"6":[0,0],"7":[0,0],"8":[0,0]},"f":{"1":0,"2":0,"3":0,"4":0,"5":0,"6":0,"7":0,"8":0},"fnMap":{"1":{"name":"(anonymous_1)","line":13,"loc":{"start":{"line":13,"column":25},"end":{"line":13,"column":49}}},"2":{"name":"(anonymous_2)","line":26,"loc":{"start":{"line":26,"column":26},"end":{"line":26,"column":45}}},"3":{"name":"(anonymous_3)","line":32,"loc":{"start":{"line":32,"column":32},"end":{"line":32,"column":53}}},"4":{"name":"(anonymous_4)","line":44,"loc":{"start":{"line":44,"column":29},"end":{"line":44,"column":53}}},"5":{"name":"(anonymous_5)","line":49,"loc":{"start":{"line":49,"column":31},"end":{"line":49,"column":50}}},"6":{"name":"(anonymous_6)","line":58,"loc":{"start":{"line":58,"column":54},"end":{"line":58,"column":76}}},"7":{"name":"(anonymous_7)","line":68,"loc":{"start":{"line":68,"column":47},"end":{"line":68,"column":68}}},"8":{"name":"(anonymous_8)","line":99,"loc":{"start":{"line":99,"column":70},"end":{"line":99,"column":94}}}},"statementMap":{"1":{"start":{"line":4,"column":0},"end":{"line":4,"column":35}},"2":{"start":{"line":5,"column":0},"end":{"line":5,"column":32}},"3":{"start":{"line":6,"column":0},"end":{"line":6,"column":37}},"4":{"start":{"line":7,"column":0},"end":{"line":7,"column":36}},"5":{"start":{"line":8,"column":0},"end":{"line":8,"column":45}},"6":{"start":{"line":10,"column":0},"end":{"line":10,"column":43}},"7":{"start":{"line":11,"column":0},"end":{"line":11,"column":39}},"8":{"start":{"line":13,"column":0},"end":{"line":41,"column":3}},"9":{"start":{"line":14,"column":4},"end":{"line":20,"column":7}},"10":{"start":{"line":22,"column":4},"end":{"line":24,"column":7}},"11":{"start":{"line":26,"column":4},"end":{"line":30,"column":7}},"12":{"start":{"line":27,"column":8},"end":{"line":29,"column":9}},"13":{"start":{"line":28,"column":12},"end":{"line":28,"column":28}},"14":{"start":{"line":32,"column":4},"end":{"line":40,"column":7}},"15":{"start":{"line":33,"column":8},"end":{"line":39,"column":9}},"16":{"start":{"line":34,"column":12},"end":{"line":34,"column":28}},"17":{"start":{"line":35,"column":12},"end":{"line":35,"column":73}},"18":{"start":{"line":38,"column":12},"end":{"line":38,"column":80}},"19":{"start":{"line":44,"column":0},"end":{"line":96,"column":3}},"20":{"start":{"line":45,"column":4},"end":{"line":45,"column":26}},"21":{"start":{"line":46,"column":4},"end":{"line":46,"column":33}},"22":{"start":{"line":47,"column":4},"end":{"line":47,"column":39}},"23":{"start":{"line":49,"column":4},"end":{"line":95,"column":7}},"24":{"start":{"line":50,"column":8},"end":{"line":52,"column":9}},"25":{"start":{"line":51,"column":12},"end":{"line":51,"column":22}},"26":{"start":{"line":54,"column":8},"end":{"line":56,"column":9}},"27":{"start":{"line":55,"column":12},"end":{"line":55,"column":81}},"28":{"start":{"line":58,"column":8},"end":{"line":94,"column":11}},"29":{"start":{"line":59,"column":12},"end":{"line":61,"column":13}},"30":{"start":{"line":60,"column":16},"end":{"line":60,"column":26}},"31":{"start":{"line":63,"column":12},"end":{"line":93,"column":13}},"32":{"start":{"line":64,"column":16},"end":{"line":66,"column":19}},"33":{"start":{"line":68,"column":16},"end":{"line":89,"column":19}},"34":{"start":{"line":69,"column":20},"end":{"line":71,"column":21}},"35":{"start":{"line":70,"column":24},"end":{"line":70,"column":34}},"36":{"start":{"line":72,"column":20},"end":{"line":74,"column":21}},"37":{"start":{"line":73,"column":24},"end":{"line":73,"column":95}},"38":{"start":{"line":76,"column":20},"end":{"line":88,"column":22}},"39":{"start":{"line":92,"column":16},"end":{"line":92,"column":85}},"40":{"start":{"line":99,"column":0},"end":{"line":102,"column":3}},"41":{"start":{"line":101,"column":4},"end":{"line":101,"column":33}},"42":{"start":{"line":105,"column":0},"end":{"line":105,"column":24}}},"branchMap":{"1":{"line":27,"type":"if","locations":[{"start":{"line":27,"column":8},"end":{"line":27,"column":8}},{"start":{"line":27,"column":8},"end":{"line":27,"column":8}}]},"2":{"line":33,"type":"if","locations":[{"start":{"line":33,"column":8},"end":{"line":33,"column":8}},{"start":{"line":33,"column":8},"end":{"line":33,"column":8}}]},"3":{"line":50,"type":"if","locations":[{"start":{"line":50,"column":8},"end":{"line":50,"column":8}},{"start":{"line":50,"column":8},"end":{"line":50,"column":8}}]},"4":{"line":54,"type":"if","locations":[{"start":{"line":54,"column":8},"end":{"line":54,"column":8}},{"start":{"line":54,"column":8},"end":{"line":54,"column":8}}]},"5":{"line":59,"type":"if","locations":[{"start":{"line":59,"column":12},"end":{"line":59,"column":12}},{"start":{"line":59,"column":12},"end":{"line":59,"column":12}}]},"6":{"line":63,"type":"if","locations":[{"start":{"line":63,"column":12},"end":{"line":63,"column":12}},{"start":{"line":63,"column":12},"end":{"line":63,"column":12}}]},"7":{"line":69,"type":"if","locations":[{"start":{"line":69,"column":20},"end":{"line":69,"column":20}},{"start":{"line":69,"column":20},"end":{"line":69,"column":20}}]},"8":{"line":72,"type":"if","locations":[{"start":{"line":72,"column":20},"end":{"line":72,"column":20}},{"start":{"line":72,"column":20},"end":{"line":72,"column":20}}]}}},"/Users/caitlinwoods/Desktop/early-dementia-diagnosis/backend-js/routes/transcriber.js":{"path":"/Users/caitlinwoods/Desktop/early-dementia-diagnosis/backend-js/routes/transcriber.js","s":{"1":1,"2":1,"3":1,"4":1,"5":1,"6":1,"7":1,"8":1,"9":1,"10":0,"11":0,"12":1,"13":1,"14":1,"15":1,"16":1,"17":0,"18":0,"19":0,"20":0,"21":0,"22":0,"23":1,"24":0,"25":0,"26":0,"27":1,"28":0,"29":0,"30":0,"31":0,"32":0,"33":0,"34":0,"35":0,"36":0,"37":0,"38":1},"b":{"1":[0,0],"2":[0,0],"3":[0,0]},"f":{"1":0,"2":0,"3":0,"4":0,"5":0,"6":0,"7":0,"8":0,"9":0,"10":0},"fnMap":{"1":{"name":"(anonymous_1)","line":13,"loc":{"start":{"line":13,"column":17},"end":{"line":13,"column":48}}},"2":{"name":"(anonymous_2)","line":16,"loc":{"start":{"line":16,"column":14},"end":{"line":16,"column":45}}},"3":{"name":"(anonymous_3)","line":29,"loc":{"start":{"line":29,"column":73},"end":{"line":29,"column":92}}},"4":{"name":"(anonymous_4)","line":37,"loc":{"start":{"line":37,"column":30},"end":{"line":37,"column":54}}},"5":{"name":"(anonymous_5)","line":40,"loc":{"start":{"line":40,"column":19},"end":{"line":40,"column":31}}},"6":{"name":"(anonymous_6)","line":46,"loc":{"start":{"line":46,"column":30},"end":{"line":46,"column":48}}},"7":{"name":"(anonymous_7)","line":49,"loc":{"start":{"line":49,"column":31},"end":{"line":49,"column":45}}},"8":{"name":"(anonymous_8)","line":57,"loc":{"start":{"line":57,"column":12},"end":{"line":57,"column":53}}},"9":{"name":"(anonymous_9)","line":65,"loc":{"start":{"line":65,"column":37},"end":{"line":65,"column":57}}},"10":{"name":"(anonymous_10)","line":78,"loc":{"start":{"line":78,"column":34},"end":{"line":78,"column":53}}}},"statementMap":{"1":{"start":{"line":1,"column":0},"end":{"line":1,"column":35}},"2":{"start":{"line":2,"column":0},"end":{"line":2,"column":32}},"3":{"start":{"line":3,"column":0},"end":{"line":3,"column":36}},"4":{"start":{"line":4,"column":0},"end":{"line":4,"column":45}},"5":{"start":{"line":5,"column":0},"end":{"line":5,"column":37}},"6":{"start":{"line":6,"column":0},"end":{"line":6,"column":40}},"7":{"start":{"line":7,"column":0},"end":{"line":7,"column":34}},"8":{"start":{"line":9,"column":0},"end":{"line":9,"column":39}},"9":{"start":{"line":12,"column":0},"end":{"line":19,"column":3}},"10":{"start":{"line":14,"column":8},"end":{"line":14,"column":36}},"11":{"start":{"line":17,"column":8},"end":{"line":17,"column":52}},"12":{"start":{"line":20,"column":0},"end":{"line":20,"column":64}},"13":{"start":{"line":22,"column":0},"end":{"line":22,"column":73}},"14":{"start":{"line":23,"column":0},"end":{"line":23,"column":23}},"15":{"start":{"line":24,"column":0},"end":{"line":27,"column":3}},"16":{"start":{"line":29,"column":0},"end":{"line":44,"column":3}},"17":{"start":{"line":32,"column":4},"end":{"line":32,"column":36}},"18":{"start":{"line":33,"column":4},"end":{"line":33,"column":35}},"19":{"start":{"line":35,"column":4},"end":{"line":38,"column":11}},"20":{"start":{"line":40,"column":4},"end":{"line":43,"column":7}},"21":{"start":{"line":41,"column":8},"end":{"line":41,"column":93}},"22":{"start":{"line":42,"column":8},"end":{"line":42,"column":55}},"23":{"start":{"line":46,"column":0},"end":{"line":54,"column":3}},"24":{"start":{"line":49,"column":4},"end":{"line":51,"column":7}},"25":{"start":{"line":50,"column":8},"end":{"line":50,"column":40}},"26":{"start":{"line":53,"column":4},"end":{"line":53,"column":109}},"27":{"start":{"line":57,"column":0},"end":{"line":88,"column":2}},"28":{"start":{"line":59,"column":4},"end":{"line":63,"column":6}},"29":{"start":{"line":65,"column":4},"end":{"line":87,"column":7}},"30":{"start":{"line":66,"column":8},"end":{"line":86,"column":9}},"31":{"start":{"line":67,"column":12},"end":{"line":67,"column":29}},"32":{"start":{"line":70,"column":12},"end":{"line":70,"column":79}},"33":{"start":{"line":71,"column":12},"end":{"line":77,"column":15}},"34":{"start":{"line":78,"column":12},"end":{"line":85,"column":15}},"35":{"start":{"line":79,"column":16},"end":{"line":84,"column":17}},"36":{"start":{"line":80,"column":20},"end":{"line":80,"column":30}},"37":{"start":{"line":83,"column":20},"end":{"line":83,"column":56}},"38":{"start":{"line":90,"column":0},"end":{"line":90,"column":24}}},"branchMap":{"1":{"line":50,"type":"cond-expr","locations":[{"start":{"line":50,"column":29},"end":{"line":50,"column":32}},{"start":{"line":50,"column":35},"end":{"line":50,"column":38}}]},"2":{"line":66,"type":"if","locations":[{"start":{"line":66,"column":8},"end":{"line":66,"column":8}},{"start":{"line":66,"column":8},"end":{"line":66,"column":8}}]},"3":{"line":79,"type":"if","locations":[{"start":{"line":79,"column":16},"end":{"line":79,"column":16}},{"start":{"line":79,"column":16},"end":{"line":79,"column":16}}]}}},"/Users/caitlinwoods/Desktop/early-dementia-diagnosis/backend-js/routes/pictures.js":{"path":"/Users/caitlinwoods/Desktop/early-dementia-diagnosis/backend-js/routes/pictures.js","s":{"1":1,"2":1,"3":1,"4":1,"5":1,"6":1,"7":0,"8":1},"b":{},"f":{"1":0},"fnMap":{"1":{"name":"(anonymous_1)","line":11,"loc":{"start":{"line":11,"column":75},"end":{"line":11,"column":94}}}},"statementMap":{"1":{"start":{"line":5,"column":0},"end":{"line":5,"column":35}},"2":{"start":{"line":6,"column":0},"end":{"line":6,"column":32}},"3":{"start":{"line":7,"column":0},"end":{"line":7,"column":36}},"4":{"start":{"line":8,"column":0},"end":{"line":8,"column":45}},"5":{"start":{"line":9,"column":0},"end":{"line":9,"column":37}},"6":{"start":{"line":11,"column":0},"end":{"line":13,"column":3}},"7":{"start":{"line":12,"column":4},"end":{"line":12,"column":68}},"8":{"start":{"line":15,"column":0},"end":{"line":15,"column":24}}},"branchMap":{}},"/Users/caitlinwoods/Desktop/early-dementia-diagnosis/backend-js/routes/tests.js":{"path":"/Users/caitlinwoods/Desktop/early-dementia-diagnosis/backend-js/routes/tests.js","s":{"1":1,"2":1,"3":1,"4":1,"5":1,"6":1,"7":1,"8":0,"9":0,"10":0,"11":0,"12":0,"13":1},"b":{"1":[0,0]},"f":{"1":0,"2":0},"fnMap":{"1":{"name":"(anonymous_1)","line":12,"loc":{"start":{"line":12,"column":79},"end":{"line":12,"column":97}}},"2":{"name":"(anonymous_2)","line":14,"loc":{"start":{"line":14,"column":63},"end":{"line":14,"column":83}}}},"statementMap":{"1":{"start":{"line":4,"column":0},"end":{"line":4,"column":35}},"2":{"start":{"line":5,"column":0},"end":{"line":5,"column":32}},"3":{"start":{"line":6,"column":0},"end":{"line":6,"column":36}},"4":{"start":{"line":7,"column":0},"end":{"line":7,"column":45}},"5":{"start":{"line":8,"column":0},"end":{"line":8,"column":37}},"6":{"start":{"line":10,"column":0},"end":{"line":10,"column":39}},"7":{"start":{"line":12,"column":0},"end":{"line":23,"column":3}},"8":{"start":{"line":14,"column":4},"end":{"line":22,"column":7}},"9":{"start":{"line":15,"column":8},"end":{"line":21,"column":9}},"10":{"start":{"line":16,"column":12},"end":{"line":16,"column":28}},"11":{"start":{"line":17,"column":12},"end":{"line":17,"column":69}},"12":{"start":{"line":20,"column":12},"end":{"line":20,"column":68}},"13":{"start":{"line":25,"column":0},"end":{"line":25,"column":24}}},"branchMap":{"1":{"line":15,"type":"if","locations":[{"start":{"line":15,"column":8},"end":{"line":15,"column":8}},{"start":{"line":15,"column":8},"end":{"line":15,"column":8}}]}}},"/Users/caitlinwoods/Desktop/early-dementia-diagnosis/backend-js/config/passport.js":{"path":"/Users/caitlinwoods/Desktop/early-dementia-diagnosis/backend-js/config/passport.js","s":{"1":1,"2":1,"3":1,"4":1,"5":1,"6":1,"7":1,"8":1,"9":1,"10":0,"11":0,"12":0,"13":0,"14":0,"15":0},"b":{"1":[0,0],"2":[0,0]},"f":{"1":1,"2":0,"3":0},"fnMap":{"1":{"name":"(anonymous_1)","line":9,"loc":{"start":{"line":9,"column":17},"end":{"line":9,"column":35}}},"2":{"name":"(anonymous_2)","line":13,"loc":{"start":{"line":13,"column":39},"end":{"line":13,"column":66}}},"3":{"name":"(anonymous_3)","line":14,"loc":{"start":{"line":14,"column":54},"end":{"line":14,"column":73}}}},"statementMap":{"1":{"start":{"line":4,"column":0},"end":{"line":4,"column":53}},"2":{"start":{"line":5,"column":0},"end":{"line":5,"column":54}},"3":{"start":{"line":6,"column":0},"end":{"line":6,"column":39}},"4":{"start":{"line":7,"column":0},"end":{"line":7,"column":37}},"5":{"start":{"line":9,"column":0},"end":{"line":27,"column":1}},"6":{"start":{"line":10,"column":4},"end":{"line":10,"column":18}},"7":{"start":{"line":11,"column":4},"end":{"line":11,"column":54}},"8":{"start":{"line":12,"column":4},"end":{"line":12,"column":37}},"9":{"start":{"line":13,"column":4},"end":{"line":26,"column":8}},"10":{"start":{"line":14,"column":8},"end":{"line":25,"column":11}},"11":{"start":{"line":15,"column":12},"end":{"line":17,"column":13}},"12":{"start":{"line":16,"column":16},"end":{"line":16,"column":40}},"13":{"start":{"line":19,"column":12},"end":{"line":24,"column":13}},"14":{"start":{"line":20,"column":16},"end":{"line":20,"column":40}},"15":{"start":{"line":23,"column":16},"end":{"line":23,"column":41}}},"branchMap":{"1":{"line":15,"type":"if","locations":[{"start":{"line":15,"column":12},"end":{"line":15,"column":12}},{"start":{"line":15,"column":12},"end":{"line":15,"column":12}}]},"2":{"line":19,"type":"if","locations":[{"start":{"line":19,"column":12},"end":{"line":19,"column":12}},{"start":{"line":19,"column":12},"end":{"line":19,"column":12}}]}}}}